2025-01-21 12:28:16,233 - INFO - Successfully logged in
2025-01-21 12:28:18,122 - INFO - Found 20 repositories on page 1
2025-01-21 12:28:18,451 - WARNING - Rate limit reached (5 likes per hour)
2025-01-21 12:28:18,451 - INFO - Liked 0 repos this hour. Waiting for next hour...
2025-01-21 13:29:14,824 - INFO - Found 20 repositories on page 2
2025-01-21 13:29:16,729 - INFO - Successfully liked repository 650 (uid: 907)
2025-01-21 13:29:16,730 - INFO - Liked: Vivian5510/SpringBoot3-CLI (Stars: 0)
2025-01-21 13:29:24,307 - INFO - Successfully liked repository 204 (uid: 438)
2025-01-21 13:29:24,307 - INFO - Liked: chinapandaman/PyPDFForm (Stars: 439)
2025-01-21 13:29:31,797 - INFO - Successfully liked repository 511 (uid: 763)
2025-01-21 13:29:31,797 - INFO - Liked: tsinghua-fib-lab/ANeurIPS2024_SPV-MIA (Stars: 77)
2025-01-21 13:29:39,360 - INFO - Successfully liked repository 109 (uid: 329)
2025-01-21 13:29:39,360 - INFO - Liked: BizSpringSource/bizspring-vue3-opensource (Stars: 38)
2025-01-21 13:29:46,756 - INFO - Successfully liked repository 570 (uid: 824)
2025-01-21 13:29:46,756 - INFO - Liked: wxingheng/text-escape (Stars: 15)
2025-01-21 13:29:52,352 - INFO - Liked 5 repos this hour. Waiting for next hour...
2025-01-21 13:46:34,826 - INFO - Successfully logged in
2025-01-21 13:46:36,349 - INFO - Found 20 repositories on page 1
2025-01-21 13:46:37,065 - WARNING - Rate limit reached (5 likes per hour)
2025-01-21 13:46:37,638 - INFO - Adding job tentatively -- it will be properly scheduled when the scheduler starts
2025-01-21 13:46:37,638 - INFO - Added job "GitHub Auto Liker" to job store "default"
2025-01-21 13:46:37,638 - INFO - Scheduler started
